<?xml version="1.0" encoding="UTF-8"?>
<!-- Generated by org.testng.reporters.JUnitReportReporter -->
<testsuite hostname="Hardik-PC" name="TEST.test1" tests="1" failures="0" timestamp="8 Sep 2014 05:57:22 GMT" time="18.617" errors="0">
  <testcase name="f" time="18.617" classname="TEST.test1"/>
</testsuite> <!-- TEST.test1 -->
